(---------------------------------------------------------------------)
(                                                                     )
(    Allegro Netrev Import Logic                                      )
(                                                                     )
(    Drawing          : pi3hdmi341art.brd                             )
(    Software Version : 17.4S035                                      )
(    Date/Time        : Sun Dec  3 10:44:34 2023                      )
(                                                                     )
(---------------------------------------------------------------------)


------ Directives ------------

Ripup etch:                  No
Ripup delete first segment:  No
Ripup retain bondwire:       No
Ripup symbols:               Always
Missing symbol has error:    No
DRC update:                  Yes
Schematic directory:         'D:\ORCAD ALLEGRO\PCB PROJECT\PI3HDMI341ART\allegro'
Design Directory:            'D:/orcad allegro/PCB Project/PI3HDMI341ART/allegro'
Old design name:             'd:/orcad allegro/pcb project/pi3hdmi341art/allegro/pi3hdmi341art.brd'
New design name:             'D:/orcad allegro/PCB Project/PI3HDMI341ART/allegro/pi3hdmi341art.brd'

CmdLine: netrev.exe -y 1 -i D:\ORCAD ALLEGRO\PCB PROJECT\PI3HDMI341ART\allegro d:\orcad allegro\pcb project\pi3hdmi341art\allegro\pi3hdmi341art.brd D:/orcad allegro/PCB Project/PI3HDMI341ART/allegro/pi3hdmi341art.brd

------ Preparing to read pst files ------

Starting to read D:/ORCAD ALLEGRO/PCB PROJECT/PI3HDMI341ART/allegro/pstchip.dat 
   Finished reading D:/ORCAD ALLEGRO/PCB PROJECT/PI3HDMI341ART/allegro/pstchip.dat (00:00:00.05)
Starting to read D:/ORCAD ALLEGRO/PCB PROJECT/PI3HDMI341ART/allegro/pstxprt.dat 
   Finished reading D:/ORCAD ALLEGRO/PCB PROJECT/PI3HDMI341ART/allegro/pstxprt.dat (00:00:00.00)
Starting to read D:/ORCAD ALLEGRO/PCB PROJECT/PI3HDMI341ART/allegro/pstxnet.dat 
   Finished reading D:/ORCAD ALLEGRO/PCB PROJECT/PI3HDMI341ART/allegro/pstxnet.dat (00:00:00.00)

------ Oversights/Warnings/Errors ------


------ Library Paths ------
MODULEPATH =  . 
           D:/orcad allegro/Cadence/SPB_17.4/share/local/pcb/modules 

PSMPATH =  . 
           symbols 
           .. 
           ../symbols 
           D:/orcad allegro/Cadence/SPB_17.4/share/local/pcb/symbols 
           D:/orcad allegro/Cadence/SPB_17.4/share/pcb/pcb_lib/symbols 
           D:/orcad allegro/Cadence/SPB_17.4/share/pcb/allegrolib/symbols 

PADPATH =  . 
           symbols 
           .. 
           ../symbols 
           D:/orcad allegro/Cadence/SPB_17.4/share/local/pcb/padstacks 
           D:/orcad allegro/Cadence/SPB_17.4/share/pcb/pcb_lib/symbols 
           D:/orcad allegro/Cadence/SPB_17.4/share/pcb/allegrolib/symbols 
           . 


------ Summary Statistics ------


netrev run on Dec 3 10:44:34 2023
   DESIGN NAME : 'PI3HDMI341ART'
   PACKAGING ON Jan 14 2023 14:52:27

   COMPILE 'logic'
   CHECK_PIN_NAMES OFF
   CROSS_REFERENCE OFF
   FEEDBACK OFF
   INCREMENTAL OFF
   INTERFACE_TYPE PHYSICAL
   MAX_ERRORS 500
   MERGE_MINIMUM 5
   NET_NAME_CHARS '#%&()*+-./:=>?@[]^_`|'
   NET_NAME_LENGTH 24
   OVERSIGHTS ON
   REPLACE_CHECK OFF
   SINGLE_NODE_NETS ON
   SPLIT_MINIMUM 0
   SUPPRESS   20
   WARNINGS ON

 No error detected
 No oversight detected
 No warning detected

cpu time      0:05:05
elapsed time  0:00:01

